

Version:	3.10
CmdLine:	D:\Programing\JAVA\Tanks\Tanks_game\Tanks_nik_exe.exe --l4j-debug
WOW64:		yes
Working dir:	D:\Programing\JAVA\Tanks\Tanks_game\.
Java min ver:	1.4.1
Java max ver:	
64-bit search:	SOFTWARE\JavaSoft\Java Runtime Environment...
32-bit search:	SOFTWARE\JavaSoft\Java Runtime Environment...
Check:		SOFTWARE\JavaSoft\Java Runtime Environment\1.8
Check launcher:	C:\Program Files (x86)\Java\jre1.8.0_171\bin\javaw.exe (OK)
Match:		1.8
Check:		SOFTWARE\JavaSoft\Java Runtime Environment\1.8.0_171
Check launcher:	C:\Program Files (x86)\Java\jre1.8.0_171\bin\javaw.exe (OK)
Match:		1.8.0_171
64-bit search:	SOFTWARE\JavaSoft\Java Development Kit...
32-bit search:	SOFTWARE\JavaSoft\Java Development Kit...
64-bit search:	SOFTWARE\JavaSoft\JRE...
32-bit search:	SOFTWARE\JavaSoft\JRE...
64-bit search:	SOFTWARE\JavaSoft\JDK...
Check:		SOFTWARE\JavaSoft\JDK\10
Check launcher:	C:\Program Files\Java\jdk-10\jre\bin\javaw.exe (not found)
Ignore:		10
32-bit search:	SOFTWARE\JavaSoft\JDK...
Runtime used:	1.8.0_171 (32-bit)
Launcher:	C:\Program Files (x86)\Java\jre1.8.0_171\bin\javaw.exe
Launcher args:	-jar "D:\Programing\JAVA\Tanks\Tanks_game\Tanks_nik_exe.exe"
Args length:	60/32768 chars
Exit code:	0


Version:	3.10
CmdLine:	D:\Programing\JAVA\Tanks\Tanks_game\Tanks_dim_exe.exe --l4j-debug
WOW64:		yes
Working dir:	D:\Programing\JAVA\Tanks\Tanks_game\.
Java min ver:	1.4.1
Java max ver:	
64-bit search:	SOFTWARE\JavaSoft\Java Runtime Environment...
32-bit search:	SOFTWARE\JavaSoft\Java Runtime Environment...
Check:		SOFTWARE\JavaSoft\Java Runtime Environment\1.8
Check launcher:	C:\Program Files (x86)\Java\jre1.8.0_171\bin\javaw.exe (OK)
Match:		1.8
Check:		SOFTWARE\JavaSoft\Java Runtime Environment\1.8.0_171
Check launcher:	C:\Program Files (x86)\Java\jre1.8.0_171\bin\javaw.exe (OK)
Match:		1.8.0_171
64-bit search:	SOFTWARE\JavaSoft\Java Development Kit...
32-bit search:	SOFTWARE\JavaSoft\Java Development Kit...
64-bit search:	SOFTWARE\JavaSoft\JRE...
32-bit search:	SOFTWARE\JavaSoft\JRE...
64-bit search:	SOFTWARE\JavaSoft\JDK...
Check:		SOFTWARE\JavaSoft\JDK\10
Check launcher:	C:\Program Files\Java\jdk-10\jre\bin\javaw.exe (not found)
Ignore:		10
32-bit search:	SOFTWARE\JavaSoft\JDK...
Runtime used:	1.8.0_171 (32-bit)
Launcher:	C:\Program Files (x86)\Java\jre1.8.0_171\bin\javaw.exe
Launcher args:	-jar "D:\Programing\JAVA\Tanks\Tanks_game\Tanks_dim_exe.exe"
Args length:	60/32768 chars
Exit code:	0


Version:	3.10
CmdLine:	D:\Programing\JAVA\Tanks\Tanks_game\1exe.exe --l4j-debug
WOW64:		yes
Working dir:	D:\Programing\JAVA\Tanks\Tanks_game\.
Java min ver:	1.4.1
Java max ver:	
64-bit search:	SOFTWARE\JavaSoft\Java Runtime Environment...
32-bit search:	SOFTWARE\JavaSoft\Java Runtime Environment...
Check:		SOFTWARE\JavaSoft\Java Runtime Environment\1.8
Check launcher:	C:\Program Files (x86)\Java\jre1.8.0_171\bin\javaw.exe (OK)
Match:		1.8
Check:		SOFTWARE\JavaSoft\Java Runtime Environment\1.8.0_171
Check launcher:	C:\Program Files (x86)\Java\jre1.8.0_171\bin\javaw.exe (OK)
Match:		1.8.0_171
64-bit search:	SOFTWARE\JavaSoft\Java Development Kit...
32-bit search:	SOFTWARE\JavaSoft\Java Development Kit...
64-bit search:	SOFTWARE\JavaSoft\JRE...
32-bit search:	SOFTWARE\JavaSoft\JRE...
64-bit search:	SOFTWARE\JavaSoft\JDK...
Check:		SOFTWARE\JavaSoft\JDK\10
Check launcher:	C:\Program Files\Java\jdk-10\jre\bin\javaw.exe (not found)
Ignore:		10
32-bit search:	SOFTWARE\JavaSoft\JDK...
Runtime used:	1.8.0_171 (32-bit)
Launcher:	C:\Program Files (x86)\Java\jre1.8.0_171\bin\javaw.exe
Launcher args:	-jar "D:\Programing\JAVA\Tanks\Tanks_game\1exe.exe"
Args length:	51/32768 chars
Exit code:	0


Version:	3.10
CmdLine:	D:\Programing\JAVA\Tanks\Tanks_game\1exe.exe --l4j-debug
WOW64:		yes
Working dir:	D:\Programing\JAVA\Tanks\Tanks_game\.
Java min ver:	1.4.1
Java max ver:	
64-bit search:	SOFTWARE\JavaSoft\Java Runtime Environment...
Check:		SOFTWARE\JavaSoft\Java Runtime Environment\1.8
Check launcher:	C:\Program Files\Java\jre1.8.0_172\bin\javaw.exe (OK)
Match:		1.8
Check:		SOFTWARE\JavaSoft\Java Runtime Environment\1.8.0_171
Check launcher:	C:\Program Files\Java\jre1.8.0_171\bin\javaw.exe (OK)
Match:		1.8.0_171
Check:		SOFTWARE\JavaSoft\Java Runtime Environment\1.8.0_172
Check launcher:	C:\Program Files\Java\jre1.8.0_172\bin\javaw.exe (OK)
Match:		1.8.0_172
64-bit search:	SOFTWARE\JavaSoft\Java Development Kit...
Check:		SOFTWARE\JavaSoft\Java Development Kit\1.8
Ignore:		1.8
Check:		SOFTWARE\JavaSoft\Java Development Kit\1.8.0_171
Ignore:		1.8.0_171
Check:		SOFTWARE\JavaSoft\Java Development Kit\1.8.0_172
Ignore:		1.8.0_172
64-bit search:	SOFTWARE\JavaSoft\JRE...
64-bit search:	SOFTWARE\JavaSoft\JDK...
Runtime used:	1.8.0_172 (64-bit)
Launcher:	C:\Program Files\Java\jre1.8.0_172\bin\javaw.exe
Launcher args:	-jar "D:\Programing\JAVA\Tanks\Tanks_game\1exe.exe"
Args length:	51/32768 chars
Exit code:	0


Version:	3.10
CmdLine:	D:\Programing\JAVA\Tanks\Tanks_game\Tanks_nik_exe.exe --l4j-debug
WOW64:		yes
Working dir:	D:\Programing\JAVA\Tanks\Tanks_game\.
Java min ver:	1.4.1
Java max ver:	
64-bit search:	SOFTWARE\JavaSoft\Java Runtime Environment...
Check:		SOFTWARE\JavaSoft\Java Runtime Environment\1.8
Check launcher:	C:\Program Files\Java\jre1.8.0_172\bin\javaw.exe (OK)
Match:		1.8
Check:		SOFTWARE\JavaSoft\Java Runtime Environment\1.8.0_171
Check launcher:	C:\Program Files\Java\jre1.8.0_171\bin\javaw.exe (OK)
Match:		1.8.0_171
Check:		SOFTWARE\JavaSoft\Java Runtime Environment\1.8.0_172
Check launcher:	C:\Program Files\Java\jre1.8.0_172\bin\javaw.exe (OK)
Match:		1.8.0_172
64-bit search:	SOFTWARE\JavaSoft\Java Development Kit...
Check:		SOFTWARE\JavaSoft\Java Development Kit\1.8
Ignore:		1.8
Check:		SOFTWARE\JavaSoft\Java Development Kit\1.8.0_171
Ignore:		1.8.0_171
Check:		SOFTWARE\JavaSoft\Java Development Kit\1.8.0_172
Ignore:		1.8.0_172
64-bit search:	SOFTWARE\JavaSoft\JRE...
64-bit search:	SOFTWARE\JavaSoft\JDK...
Runtime used:	1.8.0_172 (64-bit)
Launcher:	C:\Program Files\Java\jre1.8.0_172\bin\javaw.exe
Launcher args:	-jar "D:\Programing\JAVA\Tanks\Tanks_game\Tanks_nik_exe.exe"
Args length:	60/32768 chars
Exit code:	0


Version:	3.10
CmdLine:	D:\Programing\JAVA\Tanks\Tanks_game\test.exe --l4j-debug
WOW64:		yes
Working dir:	D:\Programing\JAVA\Tanks\Tanks_game\.
Java min ver:	
Java max ver:	
Bundled JRE:	C:\Program Files (x86)\Java\jre1.8.0_171
Check launcher:	C:\Program Files (x86)\Java\jre1.8.0_171\bin\javaw.exe (OK)
Launcher:	C:\Program Files (x86)\Java\jre1.8.0_171\bin\javaw.exe
Launcher args:	-jar "D:\Programing\JAVA\Tanks\Tanks_game\test.exe"
Args length:	51/32768 chars
Exit code:	0
